2023-10-08 23:17:44 [lm_classifiers] Running on GPU device...
2023-10-08 23:27:25 [lm_classifiers] Encoded labels: 
tensor([[5069,    1],
        [3955,    1]])
2023-10-08 23:27:25 [lm_classifiers] Maximum length of the encoded labels: 2
2023-10-08 23:27:25 [lm_classifiers] Classify the gender of the tweeter user with the following bio:
"""
 Bio: Con le ruote per terra . Sentire il mio passo sul sentiero. I Dispersi ed.Falsopiano. Movimento per 21 pianoforti. Capulcu, Voices from Gezi. insolitocinema.it. 
"""
Gender:
2023-10-08 23:27:40 [lm_classifiers] Processed 100 sentences
2023-10-08 23:27:53 [lm_classifiers] Processed 200 sentences
2023-10-08 23:28:05 [lm_classifiers] Processed 300 sentences
2023-10-08 23:28:18 [lm_classifiers] Processed 400 sentences
2023-10-08 23:28:30 [lm_classifiers] Processed 500 sentences
2023-10-08 23:28:43 [lm_classifiers] Processed 600 sentences
2023-10-08 23:28:56 [lm_classifiers] Processed 700 sentences
2023-10-08 23:29:08 [lm_classifiers] Processed 800 sentences
2023-10-08 23:29:21 [lm_classifiers] Processed 900 sentences
2023-10-08 23:29:33 [lm_classifiers] Processed 1000 sentences
2023-10-08 23:29:46 [lm_classifiers] Processed 1100 sentences
2023-10-08 23:29:50 [lm_classifiers] Retrieving predictions...
2023-10-08 23:29:50 [lm_classifiers] Counter({'male': 1137})
2023-10-08 23:29:50 [lm_classifiers] Evaluating predictions...
2023-10-08 23:29:50 [lm_classifiers] 
                                              prompt prediction    gold
0  Classify the gender of the tweeter user with t...       male    male
1  Classify the gender of the tweeter user with t...       male  female
2  Classify the gender of the tweeter user with t...       male  female
3  Classify the gender of the tweeter user with t...       male  female
4  Classify the gender of the tweeter user with t...       male    male

2023-10-08 23:29:50 [lm_classifiers] KAPPA:
        gold  model
gold   100.0    0.0
model    0.0  100.0

2023-10-08 23:29:50 [lm_classifiers] ACCURACY:
         gold   model
gold   100.00   64.47
model   64.47  100.00

2023-10-08 23:29:50 [lm_classifiers] F1:
        gold  model
gold   100.0   39.2
model   39.2  100.0

